2020-51-21 19:51:23.264 [main] INFO  com.sdetblueprint.utils.Log - Getting WebDriver Settings
2020-51-21 19:51:23.274 [main] INFO  com.sdetblueprint.utils.Log - Getting WebDriver Settings
2020-51-21 19:51:23.296 [main] ERROR com.sdetblueprint.utils.Log - Browser Launch Failure: 
java.lang.Exception: Browser or Browser Driver is not supported yet.
	at com.sdetblueprint.base.TestBase.setUp(TestBase.java:40) [test-classes/:?]
	at jdk.internal.reflect.NativeMethodAccessorImpl.invoke0(Native Method) ~[?:?]
	at jdk.internal.reflect.NativeMethodAccessorImpl.invoke(NativeMethodAccessorImpl.java:62) ~[?:?]
	at jdk.internal.reflect.DelegatingMethodAccessorImpl.invoke(DelegatingMethodAccessorImpl.java:43) ~[?:?]
	at java.lang.reflect.Method.invoke(Method.java:566) ~[?:?]
	at org.testng.internal.MethodInvocationHelper.invokeMethod(MethodInvocationHelper.java:108) [testng-6.11.jar:?]
	at org.testng.internal.Invoker.invokeConfigurationMethod(Invoker.java:523) [testng-6.11.jar:?]
	at org.testng.internal.Invoker.invokeConfigurations(Invoker.java:224) [testng-6.11.jar:?]
	at org.testng.internal.Invoker.invokeMethod(Invoker.java:599) [testng-6.11.jar:?]
	at org.testng.internal.Invoker.invokeTestMethod(Invoker.java:869) [testng-6.11.jar:?]
	at org.testng.internal.Invoker.invokeTestMethods(Invoker.java:1193) [testng-6.11.jar:?]
	at org.testng.internal.TestMethodWorker.invokeTestMethods(TestMethodWorker.java:126) [testng-6.11.jar:?]
	at org.testng.internal.TestMethodWorker.run(TestMethodWorker.java:109) [testng-6.11.jar:?]
	at org.testng.TestRunner.privateRun(TestRunner.java:744) [testng-6.11.jar:?]
	at org.testng.TestRunner.run(TestRunner.java:602) [testng-6.11.jar:?]
	at org.testng.SuiteRunner.runTest(SuiteRunner.java:380) [testng-6.11.jar:?]
	at org.testng.SuiteRunner.runSequentially(SuiteRunner.java:375) [testng-6.11.jar:?]
	at org.testng.SuiteRunner.privateRun(SuiteRunner.java:340) [testng-6.11.jar:?]
	at org.testng.SuiteRunner.run(SuiteRunner.java:289) [testng-6.11.jar:?]
	at org.testng.SuiteRunnerWorker.runSuite(SuiteRunnerWorker.java:52) [testng-6.11.jar:?]
	at org.testng.SuiteRunnerWorker.run(SuiteRunnerWorker.java:86) [testng-6.11.jar:?]
	at org.testng.TestNG.runSuitesSequentially(TestNG.java:1301) [testng-6.11.jar:?]
	at org.testng.TestNG.runSuitesLocally(TestNG.java:1226) [testng-6.11.jar:?]
	at org.testng.TestNG.runSuites(TestNG.java:1144) [testng-6.11.jar:?]
	at org.testng.TestNG.run(TestNG.java:1115) [testng-6.11.jar:?]
	at org.apache.maven.surefire.testng.TestNGExecutor.run(TestNGExecutor.java:135) [surefire-testng-2.22.1.jar:2.22.1]
	at org.apache.maven.surefire.testng.TestNGDirectoryTestSuite.executeMulti(TestNGDirectoryTestSuite.java:193) [surefire-testng-2.22.1.jar:2.22.1]
	at org.apache.maven.surefire.testng.TestNGDirectoryTestSuite.execute(TestNGDirectoryTestSuite.java:94) [surefire-testng-2.22.1.jar:2.22.1]
	at org.apache.maven.surefire.testng.TestNGProvider.invoke(TestNGProvider.java:146) [surefire-testng-2.22.1.jar:2.22.1]
	at org.apache.maven.surefire.booter.ForkedBooter.invokeProviderInSameClassLoader(ForkedBooter.java:384) [surefire-booter-2.22.1.jar:2.22.1]
	at org.apache.maven.surefire.booter.ForkedBooter.runSuitesInProcess(ForkedBooter.java:345) [surefire-booter-2.22.1.jar:2.22.1]
	at org.apache.maven.surefire.booter.ForkedBooter.execute(ForkedBooter.java:126) [surefire-booter-2.22.1.jar:2.22.1]
	at org.apache.maven.surefire.booter.ForkedBooter.main(ForkedBooter.java:418) [surefire-booter-2.22.1.jar:2.22.1]
2020-51-21 19:51:23.313 [main] INFO  com.sdetblueprint.utils.Log - Closing Webdriver Windows
2020-51-21 19:51:57.582 [main] INFO  com.sdetblueprint.utils.Log - Getting WebDriver Settings
2020-51-21 19:51:57.592 [main] INFO  com.sdetblueprint.utils.Log - Getting WebDriver Settings
2020-51-21 19:51:57.608 [main] INFO  com.sdetblueprint.utils.Log - Found firefox as Browser
2020-52-21 19:52:11.904 [main] INFO  com.sdetblueprint.utils.Log - Closing Webdriver Windows
2020-52-21 19:52:59.344 [main] INFO  com.sdetblueprint.utils.Log - Getting WebDriver Settings
2020-52-21 19:52:59.354 [main] INFO  com.sdetblueprint.utils.Log - Getting WebDriver Settings
2020-52-21 19:52:59.368 [main] INFO  com.sdetblueprint.utils.Log - Found firefox as Browser
2020-53-21 19:53:11.573 [main] INFO  com.sdetblueprint.utils.Log - Closing Webdriver Windows
2020-54-21 19:54:01.196 [main] INFO  com.sdetblueprint.utils.Log - Getting WebDriver Settings
2020-54-21 19:54:01.207 [main] INFO  com.sdetblueprint.utils.Log - Getting WebDriver Settings
2020-54-21 19:54:01.222 [main] INFO  com.sdetblueprint.utils.Log - Found firefox as Browser
2020-54-21 19:54:11.833 [main] INFO  com.sdetblueprint.utils.Log - Closing Webdriver Windows
2020-00-21 20:00:39.445 [main] INFO  com.sdetblueprint.utils.Log - Getting WebDriver Settings
2020-00-21 20:00:39.456 [main] INFO  com.sdetblueprint.utils.Log - Getting WebDriver Settings
2020-00-21 20:00:39.470 [main] INFO  com.sdetblueprint.utils.Log - Found firefox as Browser
2020-00-21 20:00:49.385 [main] INFO  com.sdetblueprint.utils.Log - Closing Webdriver Windows
2020-00-21 20:00:49.965 [main] INFO  com.sdetblueprint.utils.Log - Found firefox as Browser
2020-00-21 20:00:58.758 [main] INFO  com.sdetblueprint.utils.Log - Closing Webdriver Windows
2020-03-21 20:03:03.480 [main] INFO  com.sdetblueprint.utils.Log - Getting WebDriver Settings
2020-03-21 20:03:03.491 [main] INFO  com.sdetblueprint.utils.Log - Getting WebDriver Settings
2020-03-21 20:03:03.507 [main] INFO  com.sdetblueprint.utils.Log - Found firefox as Browser
2020-03-21 20:03:17.320 [main] INFO  com.sdetblueprint.utils.Log - Closing Webdriver Windows
2020-03-21 20:03:17.920 [main] INFO  com.sdetblueprint.utils.Log - Found firefox as Browser
2020-03-21 20:03:25.043 [main] INFO  com.sdetblueprint.utils.Log - Closing Webdriver Windows
2020-06-21 20:06:12.663 [main] INFO  com.sdetblueprint.utils.Log - Getting WebDriver Settings
2020-06-21 20:06:12.680 [main] INFO  com.sdetblueprint.utils.Log - Getting WebDriver Settings
2020-06-21 20:06:12.724 [main] INFO  com.sdetblueprint.utils.Log - Found firefox as Browser
2020-06-21 20:06:26.476 [main] INFO  com.sdetblueprint.utils.Log - Closing Webdriver Windows
2020-06-21 20:06:27.073 [main] INFO  com.sdetblueprint.utils.Log - Found firefox as Browser
2020-06-21 20:06:36.970 [main] INFO  com.sdetblueprint.utils.Log - Closing Webdriver Windows
2023-50-05 10:50:26.925 [main] INFO  com.sdetblueprint.utils.Log - Getting WebDriver Settings
2023-50-05 10:50:26.991 [main] INFO  com.sdetblueprint.utils.Log - Getting WebDriver Settings
2023-50-05 10:50:27.103 [main] INFO  com.sdetblueprint.utils.Log - Found firefox as Browser
2023-50-05 10:50:27.337 [main] ERROR com.sdetblueprint.utils.Log - Chrome Launch Failure: 
java.lang.IllegalStateException: The path to the driver executable must be set by the webdriver.gecko.driver system property; for more information, see https://github.com/mozilla/geckodriver. The latest version can be downloaded from https://github.com/mozilla/geckodriver/releases
	at com.google.common.base.Preconditions.checkState(Preconditions.java:847) ~[guava-25.0-jre.jar:?]
	at org.openqa.selenium.remote.service.DriverService.findExecutable(DriverService.java:125) ~[selenium-remote-driver-3.14.0.jar:?]
	at org.openqa.selenium.firefox.GeckoDriverService.access$100(GeckoDriverService.java:43) ~[selenium-firefox-driver-3.14.0.jar:?]
	at org.openqa.selenium.firefox.GeckoDriverService$Builder.findDefaultExecutable(GeckoDriverService.java:168) ~[selenium-firefox-driver-3.14.0.jar:?]
	at org.openqa.selenium.remote.service.DriverService$Builder.build(DriverService.java:346) ~[selenium-remote-driver-3.14.0.jar:?]
	at org.openqa.selenium.firefox.FirefoxDriver.toExecutor(FirefoxDriver.java:168) ~[selenium-firefox-driver-3.14.0.jar:?]
	at org.openqa.selenium.firefox.FirefoxDriver.<init>(FirefoxDriver.java:125) ~[selenium-firefox-driver-3.14.0.jar:?]
	at org.openqa.selenium.firefox.FirefoxDriver.<init>(FirefoxDriver.java:103) ~[selenium-firefox-driver-3.14.0.jar:?]
	at com.sdetblueprint.base.TestBase.setUp(TestBase.java:35) [test-classes/:?]
	at sun.reflect.NativeMethodAccessorImpl.invoke0(Native Method) ~[?:1.8.0_351]
	at sun.reflect.NativeMethodAccessorImpl.invoke(NativeMethodAccessorImpl.java:62) ~[?:1.8.0_351]
	at sun.reflect.DelegatingMethodAccessorImpl.invoke(DelegatingMethodAccessorImpl.java:43) ~[?:1.8.0_351]
	at java.lang.reflect.Method.invoke(Method.java:498) ~[?:1.8.0_351]
	at org.testng.internal.MethodInvocationHelper.invokeMethod(MethodInvocationHelper.java:108) [testng-6.11.jar:?]
	at org.testng.internal.Invoker.invokeConfigurationMethod(Invoker.java:523) [testng-6.11.jar:?]
	at org.testng.internal.Invoker.invokeConfigurations(Invoker.java:224) [testng-6.11.jar:?]
	at org.testng.internal.Invoker.invokeMethod(Invoker.java:599) [testng-6.11.jar:?]
	at org.testng.internal.Invoker.invokeTestMethod(Invoker.java:869) [testng-6.11.jar:?]
	at org.testng.internal.Invoker.invokeTestMethods(Invoker.java:1193) [testng-6.11.jar:?]
	at org.testng.internal.TestMethodWorker.invokeTestMethods(TestMethodWorker.java:126) [testng-6.11.jar:?]
	at org.testng.internal.TestMethodWorker.run(TestMethodWorker.java:109) [testng-6.11.jar:?]
	at org.testng.TestRunner.privateRun(TestRunner.java:744) [testng-6.11.jar:?]
	at org.testng.TestRunner.run(TestRunner.java:602) [testng-6.11.jar:?]
	at org.testng.SuiteRunner.runTest(SuiteRunner.java:380) [testng-6.11.jar:?]
	at org.testng.SuiteRunner.runSequentially(SuiteRunner.java:375) [testng-6.11.jar:?]
	at org.testng.SuiteRunner.privateRun(SuiteRunner.java:340) [testng-6.11.jar:?]
	at org.testng.SuiteRunner.run(SuiteRunner.java:289) [testng-6.11.jar:?]
	at org.testng.SuiteRunnerWorker.runSuite(SuiteRunnerWorker.java:52) [testng-6.11.jar:?]
	at org.testng.SuiteRunnerWorker.run(SuiteRunnerWorker.java:86) [testng-6.11.jar:?]
	at org.testng.TestNG.runSuitesSequentially(TestNG.java:1301) [testng-6.11.jar:?]
	at org.testng.TestNG.runSuitesLocally(TestNG.java:1226) [testng-6.11.jar:?]
	at org.testng.TestNG.runSuites(TestNG.java:1144) [testng-6.11.jar:?]
	at org.testng.TestNG.run(TestNG.java:1115) [testng-6.11.jar:?]
	at org.apache.maven.surefire.testng.TestNGExecutor.run(TestNGExecutor.java:135) [surefire-testng-2.22.2.jar:2.22.2]
	at org.apache.maven.surefire.testng.TestNGDirectoryTestSuite.executeMulti(TestNGDirectoryTestSuite.java:193) [surefire-testng-2.22.2.jar:2.22.2]
	at org.apache.maven.surefire.testng.TestNGDirectoryTestSuite.execute(TestNGDirectoryTestSuite.java:94) [surefire-testng-2.22.2.jar:2.22.2]
	at org.apache.maven.surefire.testng.TestNGProvider.invoke(TestNGProvider.java:146) [surefire-testng-2.22.2.jar:2.22.2]
	at org.apache.maven.surefire.booter.ForkedBooter.invokeProviderInSameClassLoader(ForkedBooter.java:384) [surefire-booter-2.22.2.jar:2.22.2]
	at org.apache.maven.surefire.booter.ForkedBooter.runSuitesInProcess(ForkedBooter.java:345) [surefire-booter-2.22.2.jar:2.22.2]
	at org.apache.maven.surefire.booter.ForkedBooter.execute(ForkedBooter.java:126) [surefire-booter-2.22.2.jar:2.22.2]
	at org.apache.maven.surefire.booter.ForkedBooter.main(ForkedBooter.java:418) [surefire-booter-2.22.2.jar:2.22.2]
2023-50-05 10:50:27.948 [main] INFO  com.sdetblueprint.utils.Log - Closing Webdriver Windows
2023-50-05 10:50:27.974 [main] INFO  com.sdetblueprint.utils.Log - Found firefox as Browser
2023-50-05 10:50:27.986 [main] ERROR com.sdetblueprint.utils.Log - Chrome Launch Failure: 
java.lang.IllegalStateException: The path to the driver executable must be set by the webdriver.gecko.driver system property; for more information, see https://github.com/mozilla/geckodriver. The latest version can be downloaded from https://github.com/mozilla/geckodriver/releases
	at com.google.common.base.Preconditions.checkState(Preconditions.java:847) ~[guava-25.0-jre.jar:?]
	at org.openqa.selenium.remote.service.DriverService.findExecutable(DriverService.java:125) ~[selenium-remote-driver-3.14.0.jar:?]
	at org.openqa.selenium.firefox.GeckoDriverService.access$100(GeckoDriverService.java:43) ~[selenium-firefox-driver-3.14.0.jar:?]
	at org.openqa.selenium.firefox.GeckoDriverService$Builder.findDefaultExecutable(GeckoDriverService.java:168) ~[selenium-firefox-driver-3.14.0.jar:?]
	at org.openqa.selenium.remote.service.DriverService$Builder.build(DriverService.java:346) ~[selenium-remote-driver-3.14.0.jar:?]
	at org.openqa.selenium.firefox.FirefoxDriver.toExecutor(FirefoxDriver.java:168) ~[selenium-firefox-driver-3.14.0.jar:?]
	at org.openqa.selenium.firefox.FirefoxDriver.<init>(FirefoxDriver.java:125) ~[selenium-firefox-driver-3.14.0.jar:?]
	at org.openqa.selenium.firefox.FirefoxDriver.<init>(FirefoxDriver.java:103) ~[selenium-firefox-driver-3.14.0.jar:?]
	at com.sdetblueprint.base.TestBase.setUp(TestBase.java:35) [test-classes/:?]
	at sun.reflect.NativeMethodAccessorImpl.invoke0(Native Method) ~[?:1.8.0_351]
	at sun.reflect.NativeMethodAccessorImpl.invoke(NativeMethodAccessorImpl.java:62) ~[?:1.8.0_351]
	at sun.reflect.DelegatingMethodAccessorImpl.invoke(DelegatingMethodAccessorImpl.java:43) ~[?:1.8.0_351]
	at java.lang.reflect.Method.invoke(Method.java:498) ~[?:1.8.0_351]
	at org.testng.internal.MethodInvocationHelper.invokeMethod(MethodInvocationHelper.java:108) [testng-6.11.jar:?]
	at org.testng.internal.Invoker.invokeConfigurationMethod(Invoker.java:523) [testng-6.11.jar:?]
	at org.testng.internal.Invoker.invokeConfigurations(Invoker.java:224) [testng-6.11.jar:?]
	at org.testng.internal.Invoker.invokeMethod(Invoker.java:599) [testng-6.11.jar:?]
	at org.testng.internal.Invoker.invokeTestMethod(Invoker.java:869) [testng-6.11.jar:?]
	at org.testng.internal.Invoker.invokeTestMethods(Invoker.java:1193) [testng-6.11.jar:?]
	at org.testng.internal.TestMethodWorker.invokeTestMethods(TestMethodWorker.java:126) [testng-6.11.jar:?]
	at org.testng.internal.TestMethodWorker.run(TestMethodWorker.java:109) [testng-6.11.jar:?]
	at org.testng.TestRunner.privateRun(TestRunner.java:744) [testng-6.11.jar:?]
	at org.testng.TestRunner.run(TestRunner.java:602) [testng-6.11.jar:?]
	at org.testng.SuiteRunner.runTest(SuiteRunner.java:380) [testng-6.11.jar:?]
	at org.testng.SuiteRunner.runSequentially(SuiteRunner.java:375) [testng-6.11.jar:?]
	at org.testng.SuiteRunner.privateRun(SuiteRunner.java:340) [testng-6.11.jar:?]
	at org.testng.SuiteRunner.run(SuiteRunner.java:289) [testng-6.11.jar:?]
	at org.testng.SuiteRunnerWorker.runSuite(SuiteRunnerWorker.java:52) [testng-6.11.jar:?]
	at org.testng.SuiteRunnerWorker.run(SuiteRunnerWorker.java:86) [testng-6.11.jar:?]
	at org.testng.TestNG.runSuitesSequentially(TestNG.java:1301) [testng-6.11.jar:?]
	at org.testng.TestNG.runSuitesLocally(TestNG.java:1226) [testng-6.11.jar:?]
	at org.testng.TestNG.runSuites(TestNG.java:1144) [testng-6.11.jar:?]
	at org.testng.TestNG.run(TestNG.java:1115) [testng-6.11.jar:?]
	at org.apache.maven.surefire.testng.TestNGExecutor.run(TestNGExecutor.java:135) [surefire-testng-2.22.2.jar:2.22.2]
	at org.apache.maven.surefire.testng.TestNGDirectoryTestSuite.executeMulti(TestNGDirectoryTestSuite.java:193) [surefire-testng-2.22.2.jar:2.22.2]
	at org.apache.maven.surefire.testng.TestNGDirectoryTestSuite.execute(TestNGDirectoryTestSuite.java:94) [surefire-testng-2.22.2.jar:2.22.2]
	at org.apache.maven.surefire.testng.TestNGProvider.invoke(TestNGProvider.java:146) [surefire-testng-2.22.2.jar:2.22.2]
	at org.apache.maven.surefire.booter.ForkedBooter.invokeProviderInSameClassLoader(ForkedBooter.java:384) [surefire-booter-2.22.2.jar:2.22.2]
	at org.apache.maven.surefire.booter.ForkedBooter.runSuitesInProcess(ForkedBooter.java:345) [surefire-booter-2.22.2.jar:2.22.2]
	at org.apache.maven.surefire.booter.ForkedBooter.execute(ForkedBooter.java:126) [surefire-booter-2.22.2.jar:2.22.2]
	at org.apache.maven.surefire.booter.ForkedBooter.main(ForkedBooter.java:418) [surefire-booter-2.22.2.jar:2.22.2]
2023-50-05 10:50:55.431 [main] INFO  com.sdetblueprint.utils.Log - Getting WebDriver Settings
2023-50-05 10:50:55.497 [main] INFO  com.sdetblueprint.utils.Log - Getting WebDriver Settings
2023-50-05 10:50:55.636 [main] INFO  com.sdetblueprint.utils.Log - Found firefox as Browser
2023-50-05 10:50:55.889 [main] ERROR com.sdetblueprint.utils.Log - Chrome Launch Failure: 
java.lang.IllegalStateException: The path to the driver executable must be set by the webdriver.gecko.driver system property; for more information, see https://github.com/mozilla/geckodriver. The latest version can be downloaded from https://github.com/mozilla/geckodriver/releases
	at com.google.common.base.Preconditions.checkState(Preconditions.java:847) ~[guava-25.0-jre.jar:?]
	at org.openqa.selenium.remote.service.DriverService.findExecutable(DriverService.java:125) ~[selenium-remote-driver-3.14.0.jar:?]
	at org.openqa.selenium.firefox.GeckoDriverService.access$100(GeckoDriverService.java:43) ~[selenium-firefox-driver-3.14.0.jar:?]
	at org.openqa.selenium.firefox.GeckoDriverService$Builder.findDefaultExecutable(GeckoDriverService.java:168) ~[selenium-firefox-driver-3.14.0.jar:?]
	at org.openqa.selenium.remote.service.DriverService$Builder.build(DriverService.java:346) ~[selenium-remote-driver-3.14.0.jar:?]
	at org.openqa.selenium.firefox.FirefoxDriver.toExecutor(FirefoxDriver.java:168) ~[selenium-firefox-driver-3.14.0.jar:?]
	at org.openqa.selenium.firefox.FirefoxDriver.<init>(FirefoxDriver.java:125) ~[selenium-firefox-driver-3.14.0.jar:?]
	at org.openqa.selenium.firefox.FirefoxDriver.<init>(FirefoxDriver.java:103) ~[selenium-firefox-driver-3.14.0.jar:?]
	at com.sdetblueprint.base.TestBase.setUp(TestBase.java:35) [test-classes/:?]
	at sun.reflect.NativeMethodAccessorImpl.invoke0(Native Method) ~[?:1.8.0_351]
	at sun.reflect.NativeMethodAccessorImpl.invoke(NativeMethodAccessorImpl.java:62) ~[?:1.8.0_351]
	at sun.reflect.DelegatingMethodAccessorImpl.invoke(DelegatingMethodAccessorImpl.java:43) ~[?:1.8.0_351]
	at java.lang.reflect.Method.invoke(Method.java:498) ~[?:1.8.0_351]
	at org.testng.internal.MethodInvocationHelper.invokeMethod(MethodInvocationHelper.java:108) [testng-6.11.jar:?]
	at org.testng.internal.Invoker.invokeConfigurationMethod(Invoker.java:523) [testng-6.11.jar:?]
	at org.testng.internal.Invoker.invokeConfigurations(Invoker.java:224) [testng-6.11.jar:?]
	at org.testng.internal.Invoker.invokeMethod(Invoker.java:599) [testng-6.11.jar:?]
	at org.testng.internal.Invoker.invokeTestMethod(Invoker.java:869) [testng-6.11.jar:?]
	at org.testng.internal.Invoker.invokeTestMethods(Invoker.java:1193) [testng-6.11.jar:?]
	at org.testng.internal.TestMethodWorker.invokeTestMethods(TestMethodWorker.java:126) [testng-6.11.jar:?]
	at org.testng.internal.TestMethodWorker.run(TestMethodWorker.java:109) [testng-6.11.jar:?]
	at org.testng.TestRunner.privateRun(TestRunner.java:744) [testng-6.11.jar:?]
	at org.testng.TestRunner.run(TestRunner.java:602) [testng-6.11.jar:?]
	at org.testng.SuiteRunner.runTest(SuiteRunner.java:380) [testng-6.11.jar:?]
	at org.testng.SuiteRunner.runSequentially(SuiteRunner.java:375) [testng-6.11.jar:?]
	at org.testng.SuiteRunner.privateRun(SuiteRunner.java:340) [testng-6.11.jar:?]
	at org.testng.SuiteRunner.run(SuiteRunner.java:289) [testng-6.11.jar:?]
	at org.testng.SuiteRunnerWorker.runSuite(SuiteRunnerWorker.java:52) [testng-6.11.jar:?]
	at org.testng.SuiteRunnerWorker.run(SuiteRunnerWorker.java:86) [testng-6.11.jar:?]
	at org.testng.TestNG.runSuitesSequentially(TestNG.java:1301) [testng-6.11.jar:?]
	at org.testng.TestNG.runSuitesLocally(TestNG.java:1226) [testng-6.11.jar:?]
	at org.testng.TestNG.runSuites(TestNG.java:1144) [testng-6.11.jar:?]
	at org.testng.TestNG.run(TestNG.java:1115) [testng-6.11.jar:?]
	at org.apache.maven.surefire.testng.TestNGExecutor.run(TestNGExecutor.java:135) [surefire-testng-2.22.2.jar:2.22.2]
	at org.apache.maven.surefire.testng.TestNGDirectoryTestSuite.executeMulti(TestNGDirectoryTestSuite.java:193) [surefire-testng-2.22.2.jar:2.22.2]
	at org.apache.maven.surefire.testng.TestNGDirectoryTestSuite.execute(TestNGDirectoryTestSuite.java:94) [surefire-testng-2.22.2.jar:2.22.2]
	at org.apache.maven.surefire.testng.TestNGProvider.invoke(TestNGProvider.java:146) [surefire-testng-2.22.2.jar:2.22.2]
	at org.apache.maven.surefire.booter.ForkedBooter.invokeProviderInSameClassLoader(ForkedBooter.java:384) [surefire-booter-2.22.2.jar:2.22.2]
	at org.apache.maven.surefire.booter.ForkedBooter.runSuitesInProcess(ForkedBooter.java:345) [surefire-booter-2.22.2.jar:2.22.2]
	at org.apache.maven.surefire.booter.ForkedBooter.execute(ForkedBooter.java:126) [surefire-booter-2.22.2.jar:2.22.2]
	at org.apache.maven.surefire.booter.ForkedBooter.main(ForkedBooter.java:418) [surefire-booter-2.22.2.jar:2.22.2]
2023-50-05 10:50:56.499 [main] INFO  com.sdetblueprint.utils.Log - Closing Webdriver Windows
2023-50-05 10:50:56.508 [main] INFO  com.sdetblueprint.utils.Log - Found firefox as Browser
2023-50-05 10:50:56.518 [main] ERROR com.sdetblueprint.utils.Log - Chrome Launch Failure: 
java.lang.IllegalStateException: The path to the driver executable must be set by the webdriver.gecko.driver system property; for more information, see https://github.com/mozilla/geckodriver. The latest version can be downloaded from https://github.com/mozilla/geckodriver/releases
	at com.google.common.base.Preconditions.checkState(Preconditions.java:847) ~[guava-25.0-jre.jar:?]
	at org.openqa.selenium.remote.service.DriverService.findExecutable(DriverService.java:125) ~[selenium-remote-driver-3.14.0.jar:?]
	at org.openqa.selenium.firefox.GeckoDriverService.access$100(GeckoDriverService.java:43) ~[selenium-firefox-driver-3.14.0.jar:?]
	at org.openqa.selenium.firefox.GeckoDriverService$Builder.findDefaultExecutable(GeckoDriverService.java:168) ~[selenium-firefox-driver-3.14.0.jar:?]
	at org.openqa.selenium.remote.service.DriverService$Builder.build(DriverService.java:346) ~[selenium-remote-driver-3.14.0.jar:?]
	at org.openqa.selenium.firefox.FirefoxDriver.toExecutor(FirefoxDriver.java:168) ~[selenium-firefox-driver-3.14.0.jar:?]
	at org.openqa.selenium.firefox.FirefoxDriver.<init>(FirefoxDriver.java:125) ~[selenium-firefox-driver-3.14.0.jar:?]
	at org.openqa.selenium.firefox.FirefoxDriver.<init>(FirefoxDriver.java:103) ~[selenium-firefox-driver-3.14.0.jar:?]
	at com.sdetblueprint.base.TestBase.setUp(TestBase.java:35) [test-classes/:?]
	at sun.reflect.NativeMethodAccessorImpl.invoke0(Native Method) ~[?:1.8.0_351]
	at sun.reflect.NativeMethodAccessorImpl.invoke(NativeMethodAccessorImpl.java:62) ~[?:1.8.0_351]
	at sun.reflect.DelegatingMethodAccessorImpl.invoke(DelegatingMethodAccessorImpl.java:43) ~[?:1.8.0_351]
	at java.lang.reflect.Method.invoke(Method.java:498) ~[?:1.8.0_351]
	at org.testng.internal.MethodInvocationHelper.invokeMethod(MethodInvocationHelper.java:108) [testng-6.11.jar:?]
	at org.testng.internal.Invoker.invokeConfigurationMethod(Invoker.java:523) [testng-6.11.jar:?]
	at org.testng.internal.Invoker.invokeConfigurations(Invoker.java:224) [testng-6.11.jar:?]
	at org.testng.internal.Invoker.invokeMethod(Invoker.java:599) [testng-6.11.jar:?]
	at org.testng.internal.Invoker.invokeTestMethod(Invoker.java:869) [testng-6.11.jar:?]
	at org.testng.internal.Invoker.invokeTestMethods(Invoker.java:1193) [testng-6.11.jar:?]
	at org.testng.internal.TestMethodWorker.invokeTestMethods(TestMethodWorker.java:126) [testng-6.11.jar:?]
	at org.testng.internal.TestMethodWorker.run(TestMethodWorker.java:109) [testng-6.11.jar:?]
	at org.testng.TestRunner.privateRun(TestRunner.java:744) [testng-6.11.jar:?]
	at org.testng.TestRunner.run(TestRunner.java:602) [testng-6.11.jar:?]
	at org.testng.SuiteRunner.runTest(SuiteRunner.java:380) [testng-6.11.jar:?]
	at org.testng.SuiteRunner.runSequentially(SuiteRunner.java:375) [testng-6.11.jar:?]
	at org.testng.SuiteRunner.privateRun(SuiteRunner.java:340) [testng-6.11.jar:?]
	at org.testng.SuiteRunner.run(SuiteRunner.java:289) [testng-6.11.jar:?]
	at org.testng.SuiteRunnerWorker.runSuite(SuiteRunnerWorker.java:52) [testng-6.11.jar:?]
	at org.testng.SuiteRunnerWorker.run(SuiteRunnerWorker.java:86) [testng-6.11.jar:?]
	at org.testng.TestNG.runSuitesSequentially(TestNG.java:1301) [testng-6.11.jar:?]
	at org.testng.TestNG.runSuitesLocally(TestNG.java:1226) [testng-6.11.jar:?]
	at org.testng.TestNG.runSuites(TestNG.java:1144) [testng-6.11.jar:?]
	at org.testng.TestNG.run(TestNG.java:1115) [testng-6.11.jar:?]
	at org.apache.maven.surefire.testng.TestNGExecutor.run(TestNGExecutor.java:135) [surefire-testng-2.22.2.jar:2.22.2]
	at org.apache.maven.surefire.testng.TestNGDirectoryTestSuite.executeMulti(TestNGDirectoryTestSuite.java:193) [surefire-testng-2.22.2.jar:2.22.2]
	at org.apache.maven.surefire.testng.TestNGDirectoryTestSuite.execute(TestNGDirectoryTestSuite.java:94) [surefire-testng-2.22.2.jar:2.22.2]
	at org.apache.maven.surefire.testng.TestNGProvider.invoke(TestNGProvider.java:146) [surefire-testng-2.22.2.jar:2.22.2]
	at org.apache.maven.surefire.booter.ForkedBooter.invokeProviderInSameClassLoader(ForkedBooter.java:384) [surefire-booter-2.22.2.jar:2.22.2]
	at org.apache.maven.surefire.booter.ForkedBooter.runSuitesInProcess(ForkedBooter.java:345) [surefire-booter-2.22.2.jar:2.22.2]
	at org.apache.maven.surefire.booter.ForkedBooter.execute(ForkedBooter.java:126) [surefire-booter-2.22.2.jar:2.22.2]
	at org.apache.maven.surefire.booter.ForkedBooter.main(ForkedBooter.java:418) [surefire-booter-2.22.2.jar:2.22.2]
2023-14-09 11:14:23.689 [main] INFO  com.sdetblueprint.utils.Log - Getting WebDriver Settings
2023-14-09 11:14:23.820 [main] INFO  com.sdetblueprint.utils.Log - Found firefox as Browser
2023-14-09 11:14:24.139 [main] ERROR com.sdetblueprint.utils.Log - Chrome Launch Failure: 
java.lang.IllegalStateException: The path to the driver executable must be set by the webdriver.gecko.driver system property; for more information, see https://github.com/mozilla/geckodriver. The latest version can be downloaded from https://github.com/mozilla/geckodriver/releases
	at com.google.common.base.Preconditions.checkState(Preconditions.java:847) ~[guava-25.0-jre.jar:?]
	at org.openqa.selenium.remote.service.DriverService.findExecutable(DriverService.java:125) ~[selenium-remote-driver-3.14.0.jar:?]
	at org.openqa.selenium.firefox.GeckoDriverService.access$100(GeckoDriverService.java:43) ~[selenium-firefox-driver-3.14.0.jar:?]
	at org.openqa.selenium.firefox.GeckoDriverService$Builder.findDefaultExecutable(GeckoDriverService.java:168) ~[selenium-firefox-driver-3.14.0.jar:?]
	at org.openqa.selenium.remote.service.DriverService$Builder.build(DriverService.java:346) ~[selenium-remote-driver-3.14.0.jar:?]
	at org.openqa.selenium.firefox.FirefoxDriver.toExecutor(FirefoxDriver.java:168) ~[selenium-firefox-driver-3.14.0.jar:?]
	at org.openqa.selenium.firefox.FirefoxDriver.<init>(FirefoxDriver.java:125) ~[selenium-firefox-driver-3.14.0.jar:?]
	at org.openqa.selenium.firefox.FirefoxDriver.<init>(FirefoxDriver.java:103) ~[selenium-firefox-driver-3.14.0.jar:?]
	at com.sdetblueprint.base.TestBase.setUp(TestBase.java:35) [test-classes/:?]
	at sun.reflect.NativeMethodAccessorImpl.invoke0(Native Method) ~[?:1.8.0_351]
	at sun.reflect.NativeMethodAccessorImpl.invoke(NativeMethodAccessorImpl.java:62) ~[?:1.8.0_351]
	at sun.reflect.DelegatingMethodAccessorImpl.invoke(DelegatingMethodAccessorImpl.java:43) ~[?:1.8.0_351]
	at java.lang.reflect.Method.invoke(Method.java:498) ~[?:1.8.0_351]
	at org.testng.internal.MethodInvocationHelper.invokeMethod(MethodInvocationHelper.java:108) [testng-6.11.jar:?]
	at org.testng.internal.Invoker.invokeConfigurationMethod(Invoker.java:523) [testng-6.11.jar:?]
	at org.testng.internal.Invoker.invokeConfigurations(Invoker.java:224) [testng-6.11.jar:?]
	at org.testng.internal.Invoker.invokeMethod(Invoker.java:599) [testng-6.11.jar:?]
	at org.testng.internal.Invoker.invokeTestMethod(Invoker.java:869) [testng-6.11.jar:?]
	at org.testng.internal.Invoker.invokeTestMethods(Invoker.java:1193) [testng-6.11.jar:?]
	at org.testng.internal.TestMethodWorker.invokeTestMethods(TestMethodWorker.java:126) [testng-6.11.jar:?]
	at org.testng.internal.TestMethodWorker.run(TestMethodWorker.java:109) [testng-6.11.jar:?]
	at org.testng.TestRunner.privateRun(TestRunner.java:744) [testng-6.11.jar:?]
	at org.testng.TestRunner.run(TestRunner.java:602) [testng-6.11.jar:?]
	at org.testng.SuiteRunner.runTest(SuiteRunner.java:380) [testng-6.11.jar:?]
	at org.testng.SuiteRunner.runSequentially(SuiteRunner.java:375) [testng-6.11.jar:?]
	at org.testng.SuiteRunner.privateRun(SuiteRunner.java:340) [testng-6.11.jar:?]
	at org.testng.SuiteRunner.run(SuiteRunner.java:289) [testng-6.11.jar:?]
	at org.testng.SuiteRunnerWorker.runSuite(SuiteRunnerWorker.java:52) [testng-6.11.jar:?]
	at org.testng.SuiteRunnerWorker.run(SuiteRunnerWorker.java:86) [testng-6.11.jar:?]
	at org.testng.TestNG.runSuitesSequentially(TestNG.java:1301) [testng-6.11.jar:?]
	at org.testng.TestNG.runSuitesLocally(TestNG.java:1226) [testng-6.11.jar:?]
	at org.testng.TestNG.runSuites(TestNG.java:1144) [testng-6.11.jar:?]
	at org.testng.TestNG.run(TestNG.java:1115) [testng-6.11.jar:?]
	at com.intellij.rt.testng.IDEARemoteTestNG.run(IDEARemoteTestNG.java:66) [testng-rt.jar:?]
	at com.intellij.rt.testng.RemoteTestNGStarter.main(RemoteTestNGStarter.java:109) [testng-rt.jar:?]
2023-14-09 11:14:24.454 [main] INFO  com.sdetblueprint.utils.Log - Closing Webdriver Windows
2023-18-09 11:18:34.639 [main] INFO  com.sdetblueprint.utils.Log - Getting WebDriver Settings
2023-18-09 11:18:34.775 [main] INFO  com.sdetblueprint.utils.Log - Found firefox as Browser
2023-18-09 11:18:35.012 [main] ERROR com.sdetblueprint.utils.Log - Chrome Launch Failure: 
java.lang.IllegalStateException: The path to the driver executable must be set by the webdriver.gecko.driver system property; for more information, see https://github.com/mozilla/geckodriver. The latest version can be downloaded from https://github.com/mozilla/geckodriver/releases
	at com.google.common.base.Preconditions.checkState(Preconditions.java:847) ~[guava-25.0-jre.jar:?]
	at org.openqa.selenium.remote.service.DriverService.findExecutable(DriverService.java:125) ~[selenium-remote-driver-3.14.0.jar:?]
	at org.openqa.selenium.firefox.GeckoDriverService.access$100(GeckoDriverService.java:43) ~[selenium-firefox-driver-3.14.0.jar:?]
	at org.openqa.selenium.firefox.GeckoDriverService$Builder.findDefaultExecutable(GeckoDriverService.java:168) ~[selenium-firefox-driver-3.14.0.jar:?]
	at org.openqa.selenium.remote.service.DriverService$Builder.build(DriverService.java:346) ~[selenium-remote-driver-3.14.0.jar:?]
	at org.openqa.selenium.firefox.FirefoxDriver.toExecutor(FirefoxDriver.java:168) ~[selenium-firefox-driver-3.14.0.jar:?]
	at org.openqa.selenium.firefox.FirefoxDriver.<init>(FirefoxDriver.java:125) ~[selenium-firefox-driver-3.14.0.jar:?]
	at org.openqa.selenium.firefox.FirefoxDriver.<init>(FirefoxDriver.java:103) ~[selenium-firefox-driver-3.14.0.jar:?]
	at com.sdetblueprint.base.TestBase.setUp(TestBase.java:35) [test-classes/:?]
	at sun.reflect.NativeMethodAccessorImpl.invoke0(Native Method) ~[?:1.8.0_351]
	at sun.reflect.NativeMethodAccessorImpl.invoke(NativeMethodAccessorImpl.java:62) ~[?:1.8.0_351]
	at sun.reflect.DelegatingMethodAccessorImpl.invoke(DelegatingMethodAccessorImpl.java:43) ~[?:1.8.0_351]
	at java.lang.reflect.Method.invoke(Method.java:498) ~[?:1.8.0_351]
	at org.testng.internal.MethodInvocationHelper.invokeMethod(MethodInvocationHelper.java:108) [testng-6.11.jar:?]
	at org.testng.internal.Invoker.invokeConfigurationMethod(Invoker.java:523) [testng-6.11.jar:?]
	at org.testng.internal.Invoker.invokeConfigurations(Invoker.java:224) [testng-6.11.jar:?]
	at org.testng.internal.Invoker.invokeMethod(Invoker.java:599) [testng-6.11.jar:?]
	at org.testng.internal.Invoker.invokeTestMethod(Invoker.java:869) [testng-6.11.jar:?]
	at org.testng.internal.Invoker.invokeTestMethods(Invoker.java:1193) [testng-6.11.jar:?]
	at org.testng.internal.TestMethodWorker.invokeTestMethods(TestMethodWorker.java:126) [testng-6.11.jar:?]
	at org.testng.internal.TestMethodWorker.run(TestMethodWorker.java:109) [testng-6.11.jar:?]
	at org.testng.TestRunner.privateRun(TestRunner.java:744) [testng-6.11.jar:?]
	at org.testng.TestRunner.run(TestRunner.java:602) [testng-6.11.jar:?]
	at org.testng.SuiteRunner.runTest(SuiteRunner.java:380) [testng-6.11.jar:?]
	at org.testng.SuiteRunner.runSequentially(SuiteRunner.java:375) [testng-6.11.jar:?]
	at org.testng.SuiteRunner.privateRun(SuiteRunner.java:340) [testng-6.11.jar:?]
	at org.testng.SuiteRunner.run(SuiteRunner.java:289) [testng-6.11.jar:?]
	at org.testng.SuiteRunnerWorker.runSuite(SuiteRunnerWorker.java:52) [testng-6.11.jar:?]
	at org.testng.SuiteRunnerWorker.run(SuiteRunnerWorker.java:86) [testng-6.11.jar:?]
	at org.testng.TestNG.runSuitesSequentially(TestNG.java:1301) [testng-6.11.jar:?]
	at org.testng.TestNG.runSuitesLocally(TestNG.java:1226) [testng-6.11.jar:?]
	at org.testng.TestNG.runSuites(TestNG.java:1144) [testng-6.11.jar:?]
	at org.testng.TestNG.run(TestNG.java:1115) [testng-6.11.jar:?]
	at com.intellij.rt.testng.IDEARemoteTestNG.run(IDEARemoteTestNG.java:66) [testng-rt.jar:?]
	at com.intellij.rt.testng.RemoteTestNGStarter.main(RemoteTestNGStarter.java:109) [testng-rt.jar:?]
2023-18-09 11:18:35.314 [main] INFO  com.sdetblueprint.utils.Log - Closing Webdriver Windows
2023-21-09 11:21:55.875 [main] INFO  com.sdetblueprint.utils.Log - Getting WebDriver Settings
2023-21-09 11:21:56.015 [main] INFO  com.sdetblueprint.utils.Log - Found firefox as Browser
2023-21-09 11:21:56.245 [main] ERROR com.sdetblueprint.utils.Log - Chrome Launch Failure: 
java.lang.IllegalStateException: The path to the driver executable must be set by the webdriver.gecko.driver system property; for more information, see https://github.com/mozilla/geckodriver. The latest version can be downloaded from https://github.com/mozilla/geckodriver/releases
	at com.google.common.base.Preconditions.checkState(Preconditions.java:847) ~[guava-25.0-jre.jar:?]
	at org.openqa.selenium.remote.service.DriverService.findExecutable(DriverService.java:125) ~[selenium-remote-driver-3.14.0.jar:?]
	at org.openqa.selenium.firefox.GeckoDriverService.access$100(GeckoDriverService.java:43) ~[selenium-firefox-driver-3.14.0.jar:?]
	at org.openqa.selenium.firefox.GeckoDriverService$Builder.findDefaultExecutable(GeckoDriverService.java:168) ~[selenium-firefox-driver-3.14.0.jar:?]
	at org.openqa.selenium.remote.service.DriverService$Builder.build(DriverService.java:346) ~[selenium-remote-driver-3.14.0.jar:?]
	at org.openqa.selenium.firefox.FirefoxDriver.toExecutor(FirefoxDriver.java:168) ~[selenium-firefox-driver-3.14.0.jar:?]
	at org.openqa.selenium.firefox.FirefoxDriver.<init>(FirefoxDriver.java:125) ~[selenium-firefox-driver-3.14.0.jar:?]
	at org.openqa.selenium.firefox.FirefoxDriver.<init>(FirefoxDriver.java:103) ~[selenium-firefox-driver-3.14.0.jar:?]
	at com.sdetblueprint.base.TestBase.setUp(TestBase.java:35) [test-classes/:?]
	at sun.reflect.NativeMethodAccessorImpl.invoke0(Native Method) ~[?:1.8.0_351]
	at sun.reflect.NativeMethodAccessorImpl.invoke(NativeMethodAccessorImpl.java:62) ~[?:1.8.0_351]
	at sun.reflect.DelegatingMethodAccessorImpl.invoke(DelegatingMethodAccessorImpl.java:43) ~[?:1.8.0_351]
	at java.lang.reflect.Method.invoke(Method.java:498) ~[?:1.8.0_351]
	at org.testng.internal.MethodInvocationHelper.invokeMethod(MethodInvocationHelper.java:108) [testng-6.11.jar:?]
	at org.testng.internal.Invoker.invokeConfigurationMethod(Invoker.java:523) [testng-6.11.jar:?]
	at org.testng.internal.Invoker.invokeConfigurations(Invoker.java:224) [testng-6.11.jar:?]
	at org.testng.internal.Invoker.invokeMethod(Invoker.java:599) [testng-6.11.jar:?]
	at org.testng.internal.Invoker.invokeTestMethod(Invoker.java:869) [testng-6.11.jar:?]
	at org.testng.internal.Invoker.invokeTestMethods(Invoker.java:1193) [testng-6.11.jar:?]
	at org.testng.internal.TestMethodWorker.invokeTestMethods(TestMethodWorker.java:126) [testng-6.11.jar:?]
	at org.testng.internal.TestMethodWorker.run(TestMethodWorker.java:109) [testng-6.11.jar:?]
	at org.testng.TestRunner.privateRun(TestRunner.java:744) [testng-6.11.jar:?]
	at org.testng.TestRunner.run(TestRunner.java:602) [testng-6.11.jar:?]
	at org.testng.SuiteRunner.runTest(SuiteRunner.java:380) [testng-6.11.jar:?]
	at org.testng.SuiteRunner.runSequentially(SuiteRunner.java:375) [testng-6.11.jar:?]
	at org.testng.SuiteRunner.privateRun(SuiteRunner.java:340) [testng-6.11.jar:?]
	at org.testng.SuiteRunner.run(SuiteRunner.java:289) [testng-6.11.jar:?]
	at org.testng.SuiteRunnerWorker.runSuite(SuiteRunnerWorker.java:52) [testng-6.11.jar:?]
	at org.testng.SuiteRunnerWorker.run(SuiteRunnerWorker.java:86) [testng-6.11.jar:?]
	at org.testng.TestNG.runSuitesSequentially(TestNG.java:1301) [testng-6.11.jar:?]
	at org.testng.TestNG.runSuitesLocally(TestNG.java:1226) [testng-6.11.jar:?]
	at org.testng.TestNG.runSuites(TestNG.java:1144) [testng-6.11.jar:?]
	at org.testng.TestNG.run(TestNG.java:1115) [testng-6.11.jar:?]
	at com.intellij.rt.testng.IDEARemoteTestNG.run(IDEARemoteTestNG.java:66) [testng-rt.jar:?]
	at com.intellij.rt.testng.RemoteTestNGStarter.main(RemoteTestNGStarter.java:109) [testng-rt.jar:?]
2023-21-09 11:21:56.686 [main] INFO  com.sdetblueprint.utils.Log - Closing Webdriver Windows
2023-44-09 11:44:13.261 [main] INFO  com.sdetblueprint.utils.Log - Getting WebDriver Settings
2023-44-09 11:44:13.390 [main] INFO  com.sdetblueprint.utils.Log - Found firefox as Browser
2023-44-09 11:44:13.604 [main] ERROR com.sdetblueprint.utils.Log - Chrome Launch Failure: 
java.lang.IllegalStateException: The path to the driver executable must be set by the webdriver.gecko.driver system property; for more information, see https://github.com/mozilla/geckodriver. The latest version can be downloaded from https://github.com/mozilla/geckodriver/releases
	at com.google.common.base.Preconditions.checkState(Preconditions.java:847) ~[guava-25.0-jre.jar:?]
	at org.openqa.selenium.remote.service.DriverService.findExecutable(DriverService.java:125) ~[selenium-remote-driver-3.14.0.jar:?]
	at org.openqa.selenium.firefox.GeckoDriverService.access$100(GeckoDriverService.java:43) ~[selenium-firefox-driver-3.14.0.jar:?]
	at org.openqa.selenium.firefox.GeckoDriverService$Builder.findDefaultExecutable(GeckoDriverService.java:168) ~[selenium-firefox-driver-3.14.0.jar:?]
	at org.openqa.selenium.remote.service.DriverService$Builder.build(DriverService.java:346) ~[selenium-remote-driver-3.14.0.jar:?]
	at org.openqa.selenium.firefox.FirefoxDriver.toExecutor(FirefoxDriver.java:168) ~[selenium-firefox-driver-3.14.0.jar:?]
	at org.openqa.selenium.firefox.FirefoxDriver.<init>(FirefoxDriver.java:125) ~[selenium-firefox-driver-3.14.0.jar:?]
	at org.openqa.selenium.firefox.FirefoxDriver.<init>(FirefoxDriver.java:103) ~[selenium-firefox-driver-3.14.0.jar:?]
	at com.sdetblueprint.base.TestBase.setUp(TestBase.java:35) [test-classes/:?]
	at sun.reflect.NativeMethodAccessorImpl.invoke0(Native Method) ~[?:1.8.0_351]
	at sun.reflect.NativeMethodAccessorImpl.invoke(NativeMethodAccessorImpl.java:62) ~[?:1.8.0_351]
	at sun.reflect.DelegatingMethodAccessorImpl.invoke(DelegatingMethodAccessorImpl.java:43) ~[?:1.8.0_351]
	at java.lang.reflect.Method.invoke(Method.java:498) ~[?:1.8.0_351]
	at org.testng.internal.MethodInvocationHelper.invokeMethod(MethodInvocationHelper.java:108) [testng-6.11.jar:?]
	at org.testng.internal.Invoker.invokeConfigurationMethod(Invoker.java:523) [testng-6.11.jar:?]
	at org.testng.internal.Invoker.invokeConfigurations(Invoker.java:224) [testng-6.11.jar:?]
	at org.testng.internal.Invoker.invokeMethod(Invoker.java:599) [testng-6.11.jar:?]
	at org.testng.internal.Invoker.invokeTestMethod(Invoker.java:869) [testng-6.11.jar:?]
	at org.testng.internal.Invoker.invokeTestMethods(Invoker.java:1193) [testng-6.11.jar:?]
	at org.testng.internal.TestMethodWorker.invokeTestMethods(TestMethodWorker.java:126) [testng-6.11.jar:?]
	at org.testng.internal.TestMethodWorker.run(TestMethodWorker.java:109) [testng-6.11.jar:?]
	at org.testng.TestRunner.privateRun(TestRunner.java:744) [testng-6.11.jar:?]
	at org.testng.TestRunner.run(TestRunner.java:602) [testng-6.11.jar:?]
	at org.testng.SuiteRunner.runTest(SuiteRunner.java:380) [testng-6.11.jar:?]
	at org.testng.SuiteRunner.runSequentially(SuiteRunner.java:375) [testng-6.11.jar:?]
	at org.testng.SuiteRunner.privateRun(SuiteRunner.java:340) [testng-6.11.jar:?]
	at org.testng.SuiteRunner.run(SuiteRunner.java:289) [testng-6.11.jar:?]
	at org.testng.SuiteRunnerWorker.runSuite(SuiteRunnerWorker.java:52) [testng-6.11.jar:?]
	at org.testng.SuiteRunnerWorker.run(SuiteRunnerWorker.java:86) [testng-6.11.jar:?]
	at org.testng.TestNG.runSuitesSequentially(TestNG.java:1301) [testng-6.11.jar:?]
	at org.testng.TestNG.runSuitesLocally(TestNG.java:1226) [testng-6.11.jar:?]
	at org.testng.TestNG.runSuites(TestNG.java:1144) [testng-6.11.jar:?]
	at org.testng.TestNG.run(TestNG.java:1115) [testng-6.11.jar:?]
	at com.intellij.rt.testng.IDEARemoteTestNG.run(IDEARemoteTestNG.java:66) [testng-rt.jar:?]
	at com.intellij.rt.testng.RemoteTestNGStarter.main(RemoteTestNGStarter.java:109) [testng-rt.jar:?]
2023-44-09 11:44:14.178 [main] INFO  com.sdetblueprint.utils.Log - Closing Webdriver Windows
2023-46-09 11:46:29.423 [main] INFO  com.sdetblueprint.utils.Log - Getting WebDriver Settings
2023-46-09 11:46:29.562 [main] INFO  com.sdetblueprint.utils.Log - Found firefox as Browser
2023-46-09 11:46:29.838 [main] ERROR com.sdetblueprint.utils.Log - Chrome Launch Failure: 
java.lang.IllegalStateException: The path to the driver executable must be set by the webdriver.gecko.driver system property; for more information, see https://github.com/mozilla/geckodriver. The latest version can be downloaded from https://github.com/mozilla/geckodriver/releases
	at com.google.common.base.Preconditions.checkState(Preconditions.java:847) ~[guava-25.0-jre.jar:?]
	at org.openqa.selenium.remote.service.DriverService.findExecutable(DriverService.java:125) ~[selenium-remote-driver-3.14.0.jar:?]
	at org.openqa.selenium.firefox.GeckoDriverService.access$100(GeckoDriverService.java:43) ~[selenium-firefox-driver-3.14.0.jar:?]
	at org.openqa.selenium.firefox.GeckoDriverService$Builder.findDefaultExecutable(GeckoDriverService.java:168) ~[selenium-firefox-driver-3.14.0.jar:?]
	at org.openqa.selenium.remote.service.DriverService$Builder.build(DriverService.java:346) ~[selenium-remote-driver-3.14.0.jar:?]
	at org.openqa.selenium.firefox.FirefoxDriver.toExecutor(FirefoxDriver.java:168) ~[selenium-firefox-driver-3.14.0.jar:?]
	at org.openqa.selenium.firefox.FirefoxDriver.<init>(FirefoxDriver.java:125) ~[selenium-firefox-driver-3.14.0.jar:?]
	at org.openqa.selenium.firefox.FirefoxDriver.<init>(FirefoxDriver.java:103) ~[selenium-firefox-driver-3.14.0.jar:?]
	at com.sdetblueprint.base.TestBase.setUp(TestBase.java:35) [test-classes/:?]
	at sun.reflect.NativeMethodAccessorImpl.invoke0(Native Method) ~[?:1.8.0_351]
	at sun.reflect.NativeMethodAccessorImpl.invoke(NativeMethodAccessorImpl.java:62) ~[?:1.8.0_351]
	at sun.reflect.DelegatingMethodAccessorImpl.invoke(DelegatingMethodAccessorImpl.java:43) ~[?:1.8.0_351]
	at java.lang.reflect.Method.invoke(Method.java:498) ~[?:1.8.0_351]
	at org.testng.internal.MethodInvocationHelper.invokeMethod(MethodInvocationHelper.java:108) [testng-6.11.jar:?]
	at org.testng.internal.Invoker.invokeConfigurationMethod(Invoker.java:523) [testng-6.11.jar:?]
	at org.testng.internal.Invoker.invokeConfigurations(Invoker.java:224) [testng-6.11.jar:?]
	at org.testng.internal.Invoker.invokeMethod(Invoker.java:599) [testng-6.11.jar:?]
	at org.testng.internal.Invoker.invokeTestMethod(Invoker.java:869) [testng-6.11.jar:?]
	at org.testng.internal.Invoker.invokeTestMethods(Invoker.java:1193) [testng-6.11.jar:?]
	at org.testng.internal.TestMethodWorker.invokeTestMethods(TestMethodWorker.java:126) [testng-6.11.jar:?]
	at org.testng.internal.TestMethodWorker.run(TestMethodWorker.java:109) [testng-6.11.jar:?]
	at org.testng.TestRunner.privateRun(TestRunner.java:744) [testng-6.11.jar:?]
	at org.testng.TestRunner.run(TestRunner.java:602) [testng-6.11.jar:?]
	at org.testng.SuiteRunner.runTest(SuiteRunner.java:380) [testng-6.11.jar:?]
	at org.testng.SuiteRunner.runSequentially(SuiteRunner.java:375) [testng-6.11.jar:?]
	at org.testng.SuiteRunner.privateRun(SuiteRunner.java:340) [testng-6.11.jar:?]
	at org.testng.SuiteRunner.run(SuiteRunner.java:289) [testng-6.11.jar:?]
	at org.testng.SuiteRunnerWorker.runSuite(SuiteRunnerWorker.java:52) [testng-6.11.jar:?]
	at org.testng.SuiteRunnerWorker.run(SuiteRunnerWorker.java:86) [testng-6.11.jar:?]
	at org.testng.TestNG.runSuitesSequentially(TestNG.java:1301) [testng-6.11.jar:?]
	at org.testng.TestNG.runSuitesLocally(TestNG.java:1226) [testng-6.11.jar:?]
	at org.testng.TestNG.runSuites(TestNG.java:1144) [testng-6.11.jar:?]
	at org.testng.TestNG.run(TestNG.java:1115) [testng-6.11.jar:?]
	at com.intellij.rt.testng.IDEARemoteTestNG.run(IDEARemoteTestNG.java:66) [testng-rt.jar:?]
	at com.intellij.rt.testng.RemoteTestNGStarter.main(RemoteTestNGStarter.java:109) [testng-rt.jar:?]
2023-46-09 11:46:30.282 [main] INFO  com.sdetblueprint.utils.Log - Closing Webdriver Windows
2023-48-09 11:48:11.916 [main] INFO  com.sdetblueprint.utils.Log - Getting WebDriver Settings
2023-48-09 11:48:12.050 [main] INFO  com.sdetblueprint.utils.Log - Found firefox as Browser
2023-48-09 11:48:12.201 [main] ERROR com.sdetblueprint.utils.Log - Chrome Launch Failure: 
java.lang.IllegalStateException: The path to the driver executable must be set by the webdriver.chrome.driver system property; for more information, see https://github.com/SeleniumHQ/selenium/wiki/ChromeDriver. The latest version can be downloaded from http://chromedriver.storage.googleapis.com/index.html
	at com.google.common.base.Preconditions.checkState(Preconditions.java:847) ~[guava-25.0-jre.jar:?]
	at org.openqa.selenium.remote.service.DriverService.findExecutable(DriverService.java:125) ~[selenium-remote-driver-3.14.0.jar:?]
	at org.openqa.selenium.chrome.ChromeDriverService.access$000(ChromeDriverService.java:35) ~[selenium-chrome-driver-3.14.0.jar:?]
	at org.openqa.selenium.chrome.ChromeDriverService$Builder.findDefaultExecutable(ChromeDriverService.java:156) ~[selenium-chrome-driver-3.14.0.jar:?]
	at org.openqa.selenium.remote.service.DriverService$Builder.build(DriverService.java:346) ~[selenium-remote-driver-3.14.0.jar:?]
	at org.openqa.selenium.chrome.ChromeDriverService.createDefaultService(ChromeDriverService.java:91) ~[selenium-chrome-driver-3.14.0.jar:?]
	at org.openqa.selenium.chrome.ChromeDriver.<init>(ChromeDriver.java:123) ~[selenium-chrome-driver-3.14.0.jar:?]
	at com.sdetblueprint.base.TestBase.setUp(TestBase.java:35) [test-classes/:?]
	at sun.reflect.NativeMethodAccessorImpl.invoke0(Native Method) ~[?:1.8.0_351]
	at sun.reflect.NativeMethodAccessorImpl.invoke(NativeMethodAccessorImpl.java:62) ~[?:1.8.0_351]
	at sun.reflect.DelegatingMethodAccessorImpl.invoke(DelegatingMethodAccessorImpl.java:43) ~[?:1.8.0_351]
	at java.lang.reflect.Method.invoke(Method.java:498) ~[?:1.8.0_351]
	at org.testng.internal.MethodInvocationHelper.invokeMethod(MethodInvocationHelper.java:108) [testng-6.11.jar:?]
	at org.testng.internal.Invoker.invokeConfigurationMethod(Invoker.java:523) [testng-6.11.jar:?]
	at org.testng.internal.Invoker.invokeConfigurations(Invoker.java:224) [testng-6.11.jar:?]
	at org.testng.internal.Invoker.invokeMethod(Invoker.java:599) [testng-6.11.jar:?]
	at org.testng.internal.Invoker.invokeTestMethod(Invoker.java:869) [testng-6.11.jar:?]
	at org.testng.internal.Invoker.invokeTestMethods(Invoker.java:1193) [testng-6.11.jar:?]
	at org.testng.internal.TestMethodWorker.invokeTestMethods(TestMethodWorker.java:126) [testng-6.11.jar:?]
	at org.testng.internal.TestMethodWorker.run(TestMethodWorker.java:109) [testng-6.11.jar:?]
	at org.testng.TestRunner.privateRun(TestRunner.java:744) [testng-6.11.jar:?]
	at org.testng.TestRunner.run(TestRunner.java:602) [testng-6.11.jar:?]
	at org.testng.SuiteRunner.runTest(SuiteRunner.java:380) [testng-6.11.jar:?]
	at org.testng.SuiteRunner.runSequentially(SuiteRunner.java:375) [testng-6.11.jar:?]
	at org.testng.SuiteRunner.privateRun(SuiteRunner.java:340) [testng-6.11.jar:?]
	at org.testng.SuiteRunner.run(SuiteRunner.java:289) [testng-6.11.jar:?]
	at org.testng.SuiteRunnerWorker.runSuite(SuiteRunnerWorker.java:52) [testng-6.11.jar:?]
	at org.testng.SuiteRunnerWorker.run(SuiteRunnerWorker.java:86) [testng-6.11.jar:?]
	at org.testng.TestNG.runSuitesSequentially(TestNG.java:1301) [testng-6.11.jar:?]
	at org.testng.TestNG.runSuitesLocally(TestNG.java:1226) [testng-6.11.jar:?]
	at org.testng.TestNG.runSuites(TestNG.java:1144) [testng-6.11.jar:?]
	at org.testng.TestNG.run(TestNG.java:1115) [testng-6.11.jar:?]
	at com.intellij.rt.testng.IDEARemoteTestNG.run(IDEARemoteTestNG.java:66) [testng-rt.jar:?]
	at com.intellij.rt.testng.RemoteTestNGStarter.main(RemoteTestNGStarter.java:109) [testng-rt.jar:?]
2023-48-09 11:48:12.534 [main] INFO  com.sdetblueprint.utils.Log - Closing Webdriver Windows
2023-04-09 12:04:49.659 [main] INFO  com.sdetblueprint.utils.Log - Getting WebDriver Settings
2023-04-09 12:04:49.810 [main] ERROR com.sdetblueprint.utils.Log - Browser Launch Failure: 
java.lang.Exception: Browser or Browser Driver is not supported yet.
	at com.sdetblueprint.base.TestBase.setUp(TestBase.java:40) [test-classes/:?]
	at sun.reflect.NativeMethodAccessorImpl.invoke0(Native Method) ~[?:1.8.0_351]
	at sun.reflect.NativeMethodAccessorImpl.invoke(NativeMethodAccessorImpl.java:62) ~[?:1.8.0_351]
	at sun.reflect.DelegatingMethodAccessorImpl.invoke(DelegatingMethodAccessorImpl.java:43) ~[?:1.8.0_351]
	at java.lang.reflect.Method.invoke(Method.java:498) ~[?:1.8.0_351]
	at org.testng.internal.MethodInvocationHelper.invokeMethod(MethodInvocationHelper.java:108) [testng-6.11.jar:?]
	at org.testng.internal.Invoker.invokeConfigurationMethod(Invoker.java:523) [testng-6.11.jar:?]
	at org.testng.internal.Invoker.invokeConfigurations(Invoker.java:224) [testng-6.11.jar:?]
	at org.testng.internal.Invoker.invokeMethod(Invoker.java:599) [testng-6.11.jar:?]
	at org.testng.internal.Invoker.invokeTestMethod(Invoker.java:869) [testng-6.11.jar:?]
	at org.testng.internal.Invoker.invokeTestMethods(Invoker.java:1193) [testng-6.11.jar:?]
	at org.testng.internal.TestMethodWorker.invokeTestMethods(TestMethodWorker.java:126) [testng-6.11.jar:?]
	at org.testng.internal.TestMethodWorker.run(TestMethodWorker.java:109) [testng-6.11.jar:?]
	at org.testng.TestRunner.privateRun(TestRunner.java:744) [testng-6.11.jar:?]
	at org.testng.TestRunner.run(TestRunner.java:602) [testng-6.11.jar:?]
	at org.testng.SuiteRunner.runTest(SuiteRunner.java:380) [testng-6.11.jar:?]
	at org.testng.SuiteRunner.runSequentially(SuiteRunner.java:375) [testng-6.11.jar:?]
	at org.testng.SuiteRunner.privateRun(SuiteRunner.java:340) [testng-6.11.jar:?]
	at org.testng.SuiteRunner.run(SuiteRunner.java:289) [testng-6.11.jar:?]
	at org.testng.SuiteRunnerWorker.runSuite(SuiteRunnerWorker.java:52) [testng-6.11.jar:?]
	at org.testng.SuiteRunnerWorker.run(SuiteRunnerWorker.java:86) [testng-6.11.jar:?]
	at org.testng.TestNG.runSuitesSequentially(TestNG.java:1301) [testng-6.11.jar:?]
	at org.testng.TestNG.runSuitesLocally(TestNG.java:1226) [testng-6.11.jar:?]
	at org.testng.TestNG.runSuites(TestNG.java:1144) [testng-6.11.jar:?]
	at org.testng.TestNG.run(TestNG.java:1115) [testng-6.11.jar:?]
	at com.intellij.rt.testng.IDEARemoteTestNG.run(IDEARemoteTestNG.java:66) [testng-rt.jar:?]
	at com.intellij.rt.testng.RemoteTestNGStarter.main(RemoteTestNGStarter.java:109) [testng-rt.jar:?]
2023-04-09 12:04:50.129 [main] INFO  com.sdetblueprint.utils.Log - Closing Webdriver Windows
2023-12-09 12:12:15.106 [main] INFO  com.sdetblueprint.utils.Log - Getting WebDriver Settings
2023-12-09 12:12:15.546 [main] ERROR com.sdetblueprint.utils.Log - Browser Launch Failure: 
java.lang.Exception: Browser or Browser Driver is not supported yet.
	at com.sdetblueprint.base.TestBase.setUp(TestBase.java:40) [test-classes/:?]
	at sun.reflect.NativeMethodAccessorImpl.invoke0(Native Method) ~[?:1.8.0_351]
	at sun.reflect.NativeMethodAccessorImpl.invoke(NativeMethodAccessorImpl.java:62) ~[?:1.8.0_351]
	at sun.reflect.DelegatingMethodAccessorImpl.invoke(DelegatingMethodAccessorImpl.java:43) ~[?:1.8.0_351]
	at java.lang.reflect.Method.invoke(Method.java:498) ~[?:1.8.0_351]
	at org.testng.internal.MethodInvocationHelper.invokeMethod(MethodInvocationHelper.java:108) [testng-6.11.jar:?]
	at org.testng.internal.Invoker.invokeConfigurationMethod(Invoker.java:523) [testng-6.11.jar:?]
	at org.testng.internal.Invoker.invokeConfigurations(Invoker.java:224) [testng-6.11.jar:?]
	at org.testng.internal.Invoker.invokeMethod(Invoker.java:599) [testng-6.11.jar:?]
	at org.testng.internal.Invoker.invokeTestMethod(Invoker.java:869) [testng-6.11.jar:?]
	at org.testng.internal.Invoker.invokeTestMethods(Invoker.java:1193) [testng-6.11.jar:?]
	at org.testng.internal.TestMethodWorker.invokeTestMethods(TestMethodWorker.java:126) [testng-6.11.jar:?]
	at org.testng.internal.TestMethodWorker.run(TestMethodWorker.java:109) [testng-6.11.jar:?]
	at org.testng.TestRunner.privateRun(TestRunner.java:744) [testng-6.11.jar:?]
	at org.testng.TestRunner.run(TestRunner.java:602) [testng-6.11.jar:?]
	at org.testng.SuiteRunner.runTest(SuiteRunner.java:380) [testng-6.11.jar:?]
	at org.testng.SuiteRunner.runSequentially(SuiteRunner.java:375) [testng-6.11.jar:?]
	at org.testng.SuiteRunner.privateRun(SuiteRunner.java:340) [testng-6.11.jar:?]
	at org.testng.SuiteRunner.run(SuiteRunner.java:289) [testng-6.11.jar:?]
	at org.testng.SuiteRunnerWorker.runSuite(SuiteRunnerWorker.java:52) [testng-6.11.jar:?]
	at org.testng.SuiteRunnerWorker.run(SuiteRunnerWorker.java:86) [testng-6.11.jar:?]
	at org.testng.TestNG.runSuitesSequentially(TestNG.java:1301) [testng-6.11.jar:?]
	at org.testng.TestNG.runSuitesLocally(TestNG.java:1226) [testng-6.11.jar:?]
	at org.testng.TestNG.runSuites(TestNG.java:1144) [testng-6.11.jar:?]
	at org.testng.TestNG.run(TestNG.java:1115) [testng-6.11.jar:?]
	at com.intellij.rt.testng.IDEARemoteTestNG.run(IDEARemoteTestNG.java:66) [testng-rt.jar:?]
	at com.intellij.rt.testng.RemoteTestNGStarter.main(RemoteTestNGStarter.java:109) [testng-rt.jar:?]
2023-12-09 12:12:16.131 [main] INFO  com.sdetblueprint.utils.Log - Closing Webdriver Windows
2023-12-09 12:12:26.323 [main] INFO  com.sdetblueprint.utils.Log - Getting WebDriver Settings
2023-12-09 12:12:26.450 [main] INFO  com.sdetblueprint.utils.Log - Found firefox as Browser
2023-12-09 12:12:37.512 [main] INFO  com.sdetblueprint.utils.Log - Closing Webdriver Windows
2023-20-09 12:20:20.319 [main] INFO  com.sdetblueprint.utils.Log - Getting WebDriver Settings
2023-20-09 12:20:20.444 [main] INFO  com.sdetblueprint.utils.Log - Found Chrome as Browser
2023-20-09 12:20:45.176 [main] INFO  com.sdetblueprint.utils.Log - Closing Webdriver Windows
2023-25-09 12:25:02.141 [main] INFO  com.sdetblueprint.utils.Log - Getting WebDriver Settings
2023-25-09 12:25:02.277 [main] INFO  com.sdetblueprint.utils.Log - Found Chrome as Browser
2023-26-09 12:26:19.868 [main] INFO  com.sdetblueprint.utils.Log - Closing Webdriver Windows
2023-46-13 10:46:36.252 [main] INFO  com.sdetblueprint.utils.Log - Getting WebDriver Settings
2023-46-13 10:46:36.460 [main] INFO  com.sdetblueprint.utils.Log - Found Chrome as Browser
2023-47-13 10:47:08.859 [main] INFO  com.sdetblueprint.utils.Log - Closing Webdriver Windows
2023-47-13 10:47:54.639 [main] INFO  com.sdetblueprint.utils.Log - Getting WebDriver Settings
2023-47-13 10:47:54.763 [main] INFO  com.sdetblueprint.utils.Log - Found Chrome as Browser
2023-48-13 10:48:08.331 [main] INFO  com.sdetblueprint.utils.Log - Closing Webdriver Windows
2023-53-13 10:53:34.118 [main] INFO  com.sdetblueprint.utils.Log - Getting WebDriver Settings
2023-53-13 10:53:34.264 [main] INFO  com.sdetblueprint.utils.Log - Found Chrome as Browser
2023-53-13 10:53:50.826 [main] INFO  com.sdetblueprint.utils.Log - Closing Webdriver Windows
2023-54-13 10:54:20.437 [main] INFO  com.sdetblueprint.utils.Log - Getting WebDriver Settings
2023-54-13 10:54:20.569 [main] INFO  com.sdetblueprint.utils.Log - Found Chrome as Browser
2023-54-13 10:54:37.701 [main] INFO  com.sdetblueprint.utils.Log - Closing Webdriver Windows
2023-58-13 10:58:27.366 [main] INFO  com.sdetblueprint.utils.Log - Getting WebDriver Settings
2023-58-13 10:58:27.495 [main] INFO  com.sdetblueprint.utils.Log - Found Chrome as Browser
2023-58-13 10:58:36.759 [main] INFO  com.sdetblueprint.utils.Log - Closing Webdriver Windows
2023-02-13 11:02:03.468 [main] INFO  com.sdetblueprint.utils.Log - Getting WebDriver Settings
2023-02-13 11:02:03.600 [main] INFO  com.sdetblueprint.utils.Log - Found Chrome as Browser
2023-02-13 11:02:26.746 [main] INFO  com.sdetblueprint.utils.Log - Closing Webdriver Windows
2023-09-13 11:09:02.778 [main] INFO  com.sdetblueprint.utils.Log - Getting WebDriver Settings
2023-09-13 11:09:02.898 [main] INFO  com.sdetblueprint.utils.Log - Found Chrome as Browser
2023-09-13 11:09:26.499 [main] INFO  com.sdetblueprint.utils.Log - Closing Webdriver Windows
2023-43-15 15:43:25.004 [main] INFO  com.sdetblueprint.utils.Log - Getting WebDriver Settings
2023-43-15 15:43:25.189 [main] INFO  com.sdetblueprint.utils.Log - Found Chrome as Browser
2023-43-15 15:43:44.335 [main] INFO  com.sdetblueprint.utils.Log - Closing Webdriver Windows
2023-44-15 15:44:06.383 [main] INFO  com.sdetblueprint.utils.Log - Getting WebDriver Settings
2023-44-15 15:44:06.536 [main] INFO  com.sdetblueprint.utils.Log - Found Chrome as Browser
2023-44-15 15:44:47.635 [main] INFO  com.sdetblueprint.utils.Log - Closing Webdriver Windows
2023-03-15 16:03:01.761 [main] INFO  com.sdetblueprint.utils.Log - Getting WebDriver Settings
2023-03-15 16:03:01.898 [main] INFO  com.sdetblueprint.utils.Log - Found Chrome as Browser
2023-03-15 16:03:42.266 [main] INFO  com.sdetblueprint.utils.Log - Closing Webdriver Windows
2023-09-15 16:09:30.363 [main] INFO  com.sdetblueprint.utils.Log - Getting WebDriver Settings
2023-09-15 16:09:30.494 [main] INFO  com.sdetblueprint.utils.Log - Found Chrome as Browser
2023-10-15 16:10:14.987 [main] INFO  com.sdetblueprint.utils.Log - Closing Webdriver Windows
2023-10-15 16:10:37.429 [main] INFO  com.sdetblueprint.utils.Log - Getting WebDriver Settings
2023-10-15 16:10:37.722 [main] INFO  com.sdetblueprint.utils.Log - Found Chrome as Browser
2023-12-15 16:12:02.762 [main] INFO  com.sdetblueprint.utils.Log - Closing Webdriver Windows
2023-12-15 16:12:24.067 [main] INFO  com.sdetblueprint.utils.Log - Getting WebDriver Settings
2023-12-15 16:12:24.204 [main] INFO  com.sdetblueprint.utils.Log - Found Chrome as Browser
2023-14-15 16:14:38.125 [main] INFO  com.sdetblueprint.utils.Log - Closing Webdriver Windows
2023-14-15 16:14:52.107 [main] INFO  com.sdetblueprint.utils.Log - Getting WebDriver Settings
2023-14-15 16:14:52.304 [main] INFO  com.sdetblueprint.utils.Log - Found Chrome as Browser
2023-15-15 16:15:36.174 [main] INFO  com.sdetblueprint.utils.Log - Closing Webdriver Windows
2023-18-15 16:18:33.592 [main] INFO  com.sdetblueprint.utils.Log - Getting WebDriver Settings
2023-18-15 16:18:33.786 [main] INFO  com.sdetblueprint.utils.Log - Found Chrome as Browser
2023-19-15 16:19:20.315 [main] INFO  com.sdetblueprint.utils.Log - Closing Webdriver Windows
2023-09-16 11:09:35.564 [main] INFO  com.sdetblueprint.utils.Log - Getting WebDriver Settings
2023-09-16 11:09:35.705 [main] INFO  com.sdetblueprint.utils.Log - Found Chrome as Browser
2023-10-16 11:10:27.467 [main] INFO  com.sdetblueprint.utils.Log - Closing Webdriver Windows
2023-11-16 11:11:46.356 [main] INFO  com.sdetblueprint.utils.Log - Getting WebDriver Settings
2023-11-16 11:11:46.501 [main] INFO  com.sdetblueprint.utils.Log - Found Chrome as Browser
2023-13-16 11:13:05.984 [main] INFO  com.sdetblueprint.utils.Log - Closing Webdriver Windows
2023-14-16 11:14:55.518 [main] INFO  com.sdetblueprint.utils.Log - Getting WebDriver Settings
2023-14-16 11:14:55.644 [main] INFO  com.sdetblueprint.utils.Log - Found Chrome as Browser
2023-15-16 11:15:32.440 [main] INFO  com.sdetblueprint.utils.Log - Closing Webdriver Windows
2023-19-16 11:19:43.870 [main] INFO  com.sdetblueprint.utils.Log - Getting WebDriver Settings
2023-19-16 11:19:44.001 [main] INFO  com.sdetblueprint.utils.Log - Found Chrome as Browser
2023-21-16 11:21:09.477 [main] INFO  com.sdetblueprint.utils.Log - Closing Webdriver Windows
2023-24-16 11:24:05.472 [main] INFO  com.sdetblueprint.utils.Log - Getting WebDriver Settings
2023-24-16 11:24:05.601 [main] INFO  com.sdetblueprint.utils.Log - Found Chrome as Browser
2023-25-16 11:25:40.049 [main] INFO  com.sdetblueprint.utils.Log - Closing Webdriver Windows
2023-27-16 11:27:34.884 [main] INFO  com.sdetblueprint.utils.Log - Getting WebDriver Settings
2023-27-16 11:27:35.011 [main] INFO  com.sdetblueprint.utils.Log - Found Chrome as Browser
2023-28-16 11:28:08.102 [main] INFO  com.sdetblueprint.utils.Log - Closing Webdriver Windows
2023-28-16 11:28:27.372 [main] INFO  com.sdetblueprint.utils.Log - Getting WebDriver Settings
2023-28-16 11:28:27.524 [main] INFO  com.sdetblueprint.utils.Log - Found Chrome as Browser
2023-29-16 11:29:04.879 [main] INFO  com.sdetblueprint.utils.Log - Closing Webdriver Windows
2023-33-16 11:33:32.098 [main] INFO  com.sdetblueprint.utils.Log - Getting WebDriver Settings
2023-33-16 11:33:32.241 [main] INFO  com.sdetblueprint.utils.Log - Found Chrome as Browser
2023-34-16 11:34:43.279 [main] INFO  com.sdetblueprint.utils.Log - Closing Webdriver Windows
2023-35-16 11:35:06.472 [main] INFO  com.sdetblueprint.utils.Log - Getting WebDriver Settings
2023-35-16 11:35:06.603 [main] INFO  com.sdetblueprint.utils.Log - Found Chrome as Browser
2023-36-16 11:36:12.706 [main] INFO  com.sdetblueprint.utils.Log - Closing Webdriver Windows
2023-36-16 11:36:50.172 [main] INFO  com.sdetblueprint.utils.Log - Getting WebDriver Settings
2023-36-16 11:36:50.314 [main] INFO  com.sdetblueprint.utils.Log - Found Chrome as Browser
2023-36-16 11:36:53.382 [main] ERROR com.sdetblueprint.utils.Log - Chrome Launch Failure: 
org.openqa.selenium.SessionNotCreatedException: session not created
from no such execution context: loader has changed while resolving nodes
  (Session info: chrome=114.0.5735.110)
Build info: version: '3.14.0', revision: 'aacccce0', time: '2018-08-02T20:19:58.91Z'
System info: host: 'DESKTOP-9VOLAEE', ip: '192.168.100.219', os.name: 'Windows 10', os.arch: 'amd64', os.version: '10.0', java.version: '1.8.0_351'
Driver info: driver.version: ChromeDriver
remote stacktrace: Backtrace:
	GetHandleVerifier [0x010F8893+48451]
	(No symbol) [0x0108B8A1]
	(No symbol) [0x00F95058]
	(No symbol) [0x00F979D6]
	(No symbol) [0x00F99631]
	(No symbol) [0x00F996D0]
	(No symbol) [0x00FE1A58]
	(No symbol) [0x00FE047C]
	(No symbol) [0x00FDA0B6]
	(No symbol) [0x00FB7E08]
	(No symbol) [0x00FB8F2D]
	GetHandleVerifier [0x01358E3A+2540266]
	GetHandleVerifier [0x01398959+2801161]
	GetHandleVerifier [0x0139295C+2776588]
	GetHandleVerifier [0x01182280+612144]
	(No symbol) [0x01094F6C]
	(No symbol) [0x010911D8]
	(No symbol) [0x010912BB]
	(No symbol) [0x01084857]
	BaseThreadInitThunk [0x76EB00C9+25]
	RtlGetAppContainerNamedObjectPath [0x778F7B4E+286]
	RtlGetAppContainerNamedObjectPath [0x778F7B1E+238]

	at sun.reflect.NativeConstructorAccessorImpl.newInstance0(Native Method) ~[?:1.8.0_351]
	at sun.reflect.NativeConstructorAccessorImpl.newInstance(NativeConstructorAccessorImpl.java:62) ~[?:1.8.0_351]
	at sun.reflect.DelegatingConstructorAccessorImpl.newInstance(DelegatingConstructorAccessorImpl.java:45) ~[?:1.8.0_351]
	at java.lang.reflect.Constructor.newInstance(Constructor.java:423) ~[?:1.8.0_351]
	at org.openqa.selenium.remote.W3CHandshakeResponse.lambda$new$0(W3CHandshakeResponse.java:57) ~[selenium-remote-driver-3.14.0.jar:?]
	at org.openqa.selenium.remote.W3CHandshakeResponse.lambda$getResponseFunction$2(W3CHandshakeResponse.java:104) ~[selenium-remote-driver-3.14.0.jar:?]
	at org.openqa.selenium.remote.ProtocolHandshake.lambda$createSession$0(ProtocolHandshake.java:122) ~[selenium-remote-driver-3.14.0.jar:?]
	at java.util.stream.ReferencePipeline$3$1.accept(ReferencePipeline.java:193) ~[?:1.8.0_351]
	at java.util.Spliterators$ArraySpliterator.tryAdvance(Spliterators.java:958) ~[?:1.8.0_351]
	at java.util.stream.ReferencePipeline.forEachWithCancel(ReferencePipeline.java:126) ~[?:1.8.0_351]
	at java.util.stream.AbstractPipeline.copyIntoWithCancel(AbstractPipeline.java:499) ~[?:1.8.0_351]
	at java.util.stream.AbstractPipeline.copyInto(AbstractPipeline.java:486) ~[?:1.8.0_351]
	at java.util.stream.AbstractPipeline.wrapAndCopyInto(AbstractPipeline.java:472) ~[?:1.8.0_351]
	at java.util.stream.FindOps$FindOp.evaluateSequential(FindOps.java:152) ~[?:1.8.0_351]
	at java.util.stream.AbstractPipeline.evaluate(AbstractPipeline.java:234) ~[?:1.8.0_351]
	at java.util.stream.ReferencePipeline.findFirst(ReferencePipeline.java:464) ~[?:1.8.0_351]
	at org.openqa.selenium.remote.ProtocolHandshake.createSession(ProtocolHandshake.java:125) ~[selenium-remote-driver-3.14.0.jar:?]
	at org.openqa.selenium.remote.ProtocolHandshake.createSession(ProtocolHandshake.java:73) ~[selenium-remote-driver-3.14.0.jar:?]
	at org.openqa.selenium.remote.HttpCommandExecutor.execute(HttpCommandExecutor.java:136) ~[selenium-remote-driver-3.14.0.jar:?]
	at org.openqa.selenium.remote.service.DriverCommandExecutor.execute(DriverCommandExecutor.java:83) ~[selenium-remote-driver-3.14.0.jar:?]
	at org.openqa.selenium.remote.RemoteWebDriver.execute(RemoteWebDriver.java:548) ~[selenium-remote-driver-3.14.0.jar:?]
	at org.openqa.selenium.remote.RemoteWebDriver.startSession(RemoteWebDriver.java:212) ~[selenium-remote-driver-3.14.0.jar:?]
	at org.openqa.selenium.remote.RemoteWebDriver.<init>(RemoteWebDriver.java:130) ~[selenium-remote-driver-3.14.0.jar:?]
	at org.openqa.selenium.chrome.ChromeDriver.<init>(ChromeDriver.java:181) ~[selenium-chrome-driver-3.14.0.jar:?]
	at org.openqa.selenium.chrome.ChromeDriver.<init>(ChromeDriver.java:168) ~[selenium-chrome-driver-3.14.0.jar:?]
	at org.openqa.selenium.chrome.ChromeDriver.<init>(ChromeDriver.java:123) ~[selenium-chrome-driver-3.14.0.jar:?]
	at com.sdetblueprint.base.TestBase.setUp(TestBase.java:35) [test-classes/:?]
	at sun.reflect.NativeMethodAccessorImpl.invoke0(Native Method) ~[?:1.8.0_351]
	at sun.reflect.NativeMethodAccessorImpl.invoke(NativeMethodAccessorImpl.java:62) ~[?:1.8.0_351]
	at sun.reflect.DelegatingMethodAccessorImpl.invoke(DelegatingMethodAccessorImpl.java:43) ~[?:1.8.0_351]
	at java.lang.reflect.Method.invoke(Method.java:498) ~[?:1.8.0_351]
	at org.testng.internal.MethodInvocationHelper.invokeMethod(MethodInvocationHelper.java:108) [testng-6.11.jar:?]
	at org.testng.internal.Invoker.invokeConfigurationMethod(Invoker.java:523) [testng-6.11.jar:?]
	at org.testng.internal.Invoker.invokeConfigurations(Invoker.java:224) [testng-6.11.jar:?]
	at org.testng.internal.Invoker.invokeMethod(Invoker.java:599) [testng-6.11.jar:?]
	at org.testng.internal.Invoker.invokeTestMethod(Invoker.java:869) [testng-6.11.jar:?]
	at org.testng.internal.Invoker.invokeTestMethods(Invoker.java:1193) [testng-6.11.jar:?]
	at org.testng.internal.TestMethodWorker.invokeTestMethods(TestMethodWorker.java:126) [testng-6.11.jar:?]
	at org.testng.internal.TestMethodWorker.run(TestMethodWorker.java:109) [testng-6.11.jar:?]
	at org.testng.TestRunner.privateRun(TestRunner.java:744) [testng-6.11.jar:?]
	at org.testng.TestRunner.run(TestRunner.java:602) [testng-6.11.jar:?]
	at org.testng.SuiteRunner.runTest(SuiteRunner.java:380) [testng-6.11.jar:?]
	at org.testng.SuiteRunner.runSequentially(SuiteRunner.java:375) [testng-6.11.jar:?]
	at org.testng.SuiteRunner.privateRun(SuiteRunner.java:340) [testng-6.11.jar:?]
	at org.testng.SuiteRunner.run(SuiteRunner.java:289) [testng-6.11.jar:?]
	at org.testng.SuiteRunnerWorker.runSuite(SuiteRunnerWorker.java:52) [testng-6.11.jar:?]
	at org.testng.SuiteRunnerWorker.run(SuiteRunnerWorker.java:86) [testng-6.11.jar:?]
	at org.testng.TestNG.runSuitesSequentially(TestNG.java:1301) [testng-6.11.jar:?]
	at org.testng.TestNG.runSuitesLocally(TestNG.java:1226) [testng-6.11.jar:?]
	at org.testng.TestNG.runSuites(TestNG.java:1144) [testng-6.11.jar:?]
	at org.testng.TestNG.run(TestNG.java:1115) [testng-6.11.jar:?]
	at com.intellij.rt.testng.IDEARemoteTestNG.run(IDEARemoteTestNG.java:66) [testng-rt.jar:?]
	at com.intellij.rt.testng.RemoteTestNGStarter.main(RemoteTestNGStarter.java:109) [testng-rt.jar:?]
2023-36-16 11:36:54.201 [main] INFO  com.sdetblueprint.utils.Log - Closing Webdriver Windows
2023-37-16 11:37:47.800 [main] INFO  com.sdetblueprint.utils.Log - Getting WebDriver Settings
2023-37-16 11:37:47.932 [main] INFO  com.sdetblueprint.utils.Log - Found Chrome as Browser
2023-38-16 11:38:50.429 [main] INFO  com.sdetblueprint.utils.Log - Closing Webdriver Windows
2023-20-16 13:20:23.457 [main] INFO  com.sdetblueprint.utils.Log - Getting WebDriver Settings
2023-20-16 13:20:23.590 [main] INFO  com.sdetblueprint.utils.Log - Found Chrome as Browser
2023-21-16 13:21:12.615 [main] INFO  com.sdetblueprint.utils.Log - Closing Webdriver Windows
2023-36-16 13:36:10.874 [main] INFO  com.sdetblueprint.utils.Log - Getting WebDriver Settings
2023-36-16 13:36:10.997 [main] INFO  com.sdetblueprint.utils.Log - Found Chrome as Browser
2023-36-16 13:36:39.351 [main] INFO  com.sdetblueprint.utils.Log - Closing Webdriver Windows
2023-39-16 13:39:01.805 [main] INFO  com.sdetblueprint.utils.Log - Getting WebDriver Settings
2023-39-16 13:39:01.950 [main] INFO  com.sdetblueprint.utils.Log - Found Chrome as Browser
2023-39-16 13:39:30.785 [main] INFO  com.sdetblueprint.utils.Log - Closing Webdriver Windows
2023-34-16 15:34:28.421 [main] INFO  com.sdetblueprint.utils.Log - Getting WebDriver Settings
2023-34-16 15:34:28.580 [main] INFO  com.sdetblueprint.utils.Log - Found Chrome as Browser
2023-35-16 15:35:28.503 [main] INFO  com.sdetblueprint.utils.Log - Closing Webdriver Windows
2023-35-16 15:35:40.875 [main] INFO  com.sdetblueprint.utils.Log - Getting WebDriver Settings
2023-35-16 15:35:41.003 [main] INFO  com.sdetblueprint.utils.Log - Found Chrome as Browser
2023-36-16 15:36:03.749 [main] INFO  com.sdetblueprint.utils.Log - Closing Webdriver Windows
2023-36-16 15:36:37.405 [main] INFO  com.sdetblueprint.utils.Log - Getting WebDriver Settings
2023-36-16 15:36:37.531 [main] INFO  com.sdetblueprint.utils.Log - Found Chrome as Browser
2023-37-16 15:37:12.894 [main] INFO  com.sdetblueprint.utils.Log - Closing Webdriver Windows
